\BOOKMARK [0][-]{chapter.1}{\376\377\0001\000\040\000T\000a\000s\000k\000\040\000O\000r\000c\000h\000e\000s\000t\000r\000a\000t\000o\000r\000\040\000S\000e\000r\000v\000i\000c\000e}{}% 1
\BOOKMARK [1][-]{section.1.1}{\376\377\0001\000.\0001\000\040\000I\000n\000t\000r\000o\000d\000u\000c\000t\000i\000o\000n}{chapter.1}% 2
\BOOKMARK [1][-]{section.1.2}{\376\377\0001\000.\0002\000\040\000S\000c\000h\000e\000d\000u\000l\000i\000n\000g\000\040\000P\000o\000l\000i\000c\000i\000e\000s}{chapter.1}% 3
\BOOKMARK [1][-]{section.1.3}{\376\377\0001\000.\0003\000\040\000C\000o\000m\000p\000i\000l\000a\000t\000i\000o\000n}{chapter.1}% 4
\BOOKMARK [1][-]{section.1.4}{\376\377\0001\000.\0004\000\040\000U\000s\000a\000g\000e}{chapter.1}% 5
\BOOKMARK [2][-]{subsection.1.4.1}{\376\377\0001\000.\0004\000.\0001\000\040\000O\000r\000c\000h\000e\000s\000t\000r\000a\000t\000o\000r\000\040\000S\000e\000r\000v\000e\000r\000\040\000U\000s\000a\000g\000e}{section.1.4}% 6
\BOOKMARK [2][-]{subsection.1.4.2}{\376\377\0001\000.\0004\000.\0002\000\040\000C\000l\000i\000e\000n\000t\000\040\000U\000s\000a\000g\000e}{section.1.4}% 7
\BOOKMARK [3][-]{subsubsection.1.4.2.1}{\376\377\0001\000.\0004\000.\0002\000.\0001\000\040\000E\000x\000e\000c\000u\000t\000e\000\040\000T\000a\000s\000k}{subsection.1.4.2}% 8
\BOOKMARK [3][-]{subsubsection.1.4.2.2}{\376\377\0001\000.\0004\000.\0002\000.\0002\000\040\000C\000h\000e\000c\000k\000\040\000T\000a\000s\000k\000s\000\040\000S\000t\000a\000t\000u\000s}{subsection.1.4.2}% 9
\BOOKMARK [3][-]{subsubsection.1.4.2.3}{\376\377\0001\000.\0004\000.\0002\000.\0003\000\040\000K\000i\000l\000l\000\040\000O\000r\000c\000h\000e\000s\000t\000r\000a\000t\000o\000r\000\040\000S\000e\000r\000v\000e\000r}{subsection.1.4.2}% 10
\BOOKMARK [1][-]{section.1.5}{\376\377\0001\000.\0005\000\040\000O\000u\000t\000p\000u\000t\000\040\000F\000i\000l\000e\000s}{chapter.1}% 11
\BOOKMARK [1][-]{section.1.6}{\376\377\0001\000.\0006\000\040\000T\000e\000s\000t\000i\000n\000g}{chapter.1}% 12
\BOOKMARK [1][-]{section.1.7}{\376\377\0001\000.\0007\000\040\000A\000u\000t\000h\000o\000r\000s}{chapter.1}% 13
\BOOKMARK [0][-]{chapter.2}{\376\377\0002\000\040\000C\000l\000a\000s\000s\000\040\000I\000n\000d\000e\000x}{}% 14
\BOOKMARK [1][-]{section.2.1}{\376\377\0002\000.\0001\000\040\000C\000l\000a\000s\000s\000\040\000L\000i\000s\000t}{chapter.2}% 15
\BOOKMARK [0][-]{chapter.3}{\376\377\0003\000\040\000F\000i\000l\000e\000\040\000I\000n\000d\000e\000x}{}% 16
\BOOKMARK [1][-]{section.3.1}{\376\377\0003\000.\0001\000\040\000F\000i\000l\000e\000\040\000L\000i\000s\000t}{chapter.3}% 17
\BOOKMARK [0][-]{chapter.4}{\376\377\0004\000\040\000C\000l\000a\000s\000s\000\040\000D\000o\000c\000u\000m\000e\000n\000t\000a\000t\000i\000o\000n}{}% 18
\BOOKMARK [1][-]{section.4.1}{\376\377\0004\000.\0001\000\040\000r\000e\000q\000u\000e\000s\000t\000\040\000S\000t\000r\000u\000c\000t\000\040\000R\000e\000f\000e\000r\000e\000n\000c\000e}{chapter.4}% 19
\BOOKMARK [2][-]{subsection.4.1.1}{\376\377\0004\000.\0001\000.\0001\000\040\000D\000e\000t\000a\000i\000l\000e\000d\000\040\000D\000e\000s\000c\000r\000i\000p\000t\000i\000o\000n}{section.4.1}% 20
\BOOKMARK [2][-]{subsection.4.1.2}{\376\377\0004\000.\0001\000.\0002\000\040\000M\000e\000m\000b\000e\000r\000\040\000D\000a\000t\000a\000\040\000D\000o\000c\000u\000m\000e\000n\000t\000a\000t\000i\000o\000n}{section.4.1}% 21
\BOOKMARK [3][-]{subsubsection.4.1.2.1}{\376\377\0004\000.\0001\000.\0002\000.\0001\000\040\000t\000y\000p\000e}{subsection.4.1.2}% 22
\BOOKMARK [3][-]{subsubsection.4.1.2.2}{\376\377\0004\000.\0001\000.\0002\000.\0002\000\040\000e\000s\000t\000\137\000t\000i\000m\000e}{subsection.4.1.2}% 23
\BOOKMARK [3][-]{subsubsection.4.1.2.3}{\376\377\0004\000.\0001\000.\0002\000.\0003\000\040\000c\000o\000m\000m\000a\000n\000d}{subsection.4.1.2}% 24
\BOOKMARK [3][-]{subsubsection.4.1.2.4}{\376\377\0004\000.\0001\000.\0002\000.\0004\000\040\000i\000s\000\137\000p\000i\000p\000e\000d}{subsection.4.1.2}% 25
\BOOKMARK [3][-]{subsubsection.4.1.2.5}{\376\377\0004\000.\0001\000.\0002\000.\0005\000\040\000t\000a\000s\000k\000\137\000n\000r}{subsection.4.1.2}% 26
\BOOKMARK [3][-]{subsubsection.4.1.2.6}{\376\377\0004\000.\0001\000.\0002\000.\0006\000\040\000c\000l\000i\000e\000n\000t\000\137\000f\000i\000f\000o}{subsection.4.1.2}% 27
\BOOKMARK [0][-]{chapter.5}{\376\377\0005\000\040\000F\000i\000l\000e\000\040\000D\000o\000c\000u\000m\000e\000n\000t\000a\000t\000i\000o\000n}{}% 28
\BOOKMARK [1][-]{section.5.1}{\376\377\0005\000.\0001\000\040\000d\000o\000c\000/\000m\000a\000i\000n\000p\000a\000g\000e\000.\000d\000o\000x\000\040\000F\000i\000l\000e\000\040\000R\000e\000f\000e\000r\000e\000n\000c\000e}{chapter.5}% 29
\BOOKMARK [1][-]{section.5.2}{\376\377\0005\000.\0002\000\040\000i\000n\000c\000l\000u\000d\000e\000/\000c\000l\000i\000e\000n\000t\000.\000h\000\040\000F\000i\000l\000e\000\040\000R\000e\000f\000e\000r\000e\000n\000c\000e}{chapter.5}% 30
\BOOKMARK [2][-]{subsection.5.2.1}{\376\377\0005\000.\0002\000.\0001\000\040\000M\000a\000c\000r\000o\000\040\000D\000e\000f\000i\000n\000i\000t\000i\000o\000n\000\040\000D\000o\000c\000u\000m\000e\000n\000t\000a\000t\000i\000o\000n}{section.5.2}% 31
\BOOKMARK [3][-]{subsubsection.5.2.1.1}{\376\377\0005\000.\0002\000.\0001\000.\0001\000\040\000C\000L\000I\000E\000N\000T\000\137\000F\000I\000F\000O\000\137\000S\000I\000Z\000E}{subsection.5.2.1}% 32
\BOOKMARK [1][-]{section.5.3}{\376\377\0005\000.\0003\000\040\000i\000n\000c\000l\000u\000d\000e\000/\000c\000o\000m\000m\000a\000n\000d\000.\000h\000\040\000F\000i\000l\000e\000\040\000R\000e\000f\000e\000r\000e\000n\000c\000e}{chapter.5}% 33
\BOOKMARK [2][-]{subsection.5.3.1}{\376\377\0005\000.\0003\000.\0001\000\040\000M\000a\000c\000r\000o\000\040\000D\000e\000f\000i\000n\000i\000t\000i\000o\000n\000\040\000D\000o\000c\000u\000m\000e\000n\000t\000a\000t\000i\000o\000n}{section.5.3}% 34
\BOOKMARK [3][-]{subsubsection.5.3.1.1}{\376\377\0005\000.\0003\000.\0001\000.\0001\000\040\000H\000I\000S\000T\000O\000R\000Y\000\137\000N\000A\000M\000E}{subsection.5.3.1}% 35
\BOOKMARK [2][-]{subsection.5.3.2}{\376\377\0005\000.\0003\000.\0002\000\040\000F\000u\000n\000c\000t\000i\000o\000n\000\040\000D\000o\000c\000u\000m\000e\000n\000t\000a\000t\000i\000o\000n}{section.5.3}% 36
\BOOKMARK [3][-]{subsubsection.5.3.2.1}{\376\377\0005\000.\0003\000.\0002\000.\0001\000\040\000e\000x\000e\000c\000\050\000\051}{subsection.5.3.2}% 37
\BOOKMARK [1][-]{section.5.4}{\376\377\0005\000.\0004\000\040\000i\000n\000c\000l\000u\000d\000e\000/\000o\000r\000c\000h\000e\000s\000t\000r\000a\000t\000o\000r\000.\000h\000\040\000F\000i\000l\000e\000\040\000R\000e\000f\000e\000r\000e\000n\000c\000e}{chapter.5}% 38
\BOOKMARK [2][-]{subsection.5.4.1}{\376\377\0005\000.\0004\000.\0001\000\040\000M\000a\000c\000r\000o\000\040\000D\000e\000f\000i\000n\000i\000t\000i\000o\000n\000\040\000D\000o\000c\000u\000m\000e\000n\000t\000a\000t\000i\000o\000n}{section.5.4}% 39
\BOOKMARK [3][-]{subsubsection.5.4.1.1}{\376\377\0005\000.\0004\000.\0001\000.\0001\000\040\000S\000E\000R\000V\000E\000R\000\137\000F\000I\000F\000O}{subsection.5.4.1}% 40
\BOOKMARK [3][-]{subsubsection.5.4.1.2}{\376\377\0005\000.\0004\000.\0001\000.\0002\000\040\000F\000C\000F\000S}{subsection.5.4.1}% 41
\BOOKMARK [3][-]{subsubsection.5.4.1.3}{\376\377\0005\000.\0004\000.\0001\000.\0003\000\040\000S\000J\000F}{subsection.5.4.1}% 42
\BOOKMARK [3][-]{subsubsection.5.4.1.4}{\376\377\0005\000.\0004\000.\0001\000.\0004\000\040\000P\000E\000S}{subsection.5.4.1}% 43
\BOOKMARK [3][-]{subsubsection.5.4.1.5}{\376\377\0005\000.\0004\000.\0001\000.\0005\000\040\000E\000X\000E\000C\000\137\000T\000I\000M\000E\000\137\000S\000T\000R\000I\000N\000G\000\137\000S\000I\000Z\000E}{subsection.5.4.1}% 44
\BOOKMARK [3][-]{subsubsection.5.4.1.6}{\376\377\0005\000.\0004\000.\0001\000.\0006\000\040\000E\000X\000E\000C\000U\000T\000E\000\137\000M\000S\000G\000\137\000S\000I\000Z\000E}{subsection.5.4.1}% 45
\BOOKMARK [1][-]{section.5.5}{\376\377\0005\000.\0005\000\040\000i\000n\000c\000l\000u\000d\000e\000/\000r\000e\000q\000u\000e\000s\000t\000.\000h\000\040\000F\000i\000l\000e\000\040\000R\000e\000f\000e\000r\000e\000n\000c\000e}{chapter.5}% 46
\BOOKMARK [2][-]{subsection.5.5.1}{\376\377\0005\000.\0005\000.\0001\000\040\000M\000a\000c\000r\000o\000\040\000D\000e\000f\000i\000n\000i\000t\000i\000o\000n\000\040\000D\000o\000c\000u\000m\000e\000n\000t\000a\000t\000i\000o\000n}{section.5.5}% 47
\BOOKMARK [3][-]{subsubsection.5.5.1.1}{\376\377\0005\000.\0005\000.\0001\000.\0001\000\040\000E\000X\000E\000C\000U\000T\000E}{subsection.5.5.1}% 48
\BOOKMARK [3][-]{subsubsection.5.5.1.2}{\376\377\0005\000.\0005\000.\0001\000.\0002\000\040\000S\000T\000A\000T\000U\000S}{subsection.5.5.1}% 49
\BOOKMARK [3][-]{subsubsection.5.5.1.3}{\376\377\0005\000.\0005\000.\0001\000.\0003\000\040\000C\000O\000M\000P\000L\000E\000T\000E\000D}{subsection.5.5.1}% 50
\BOOKMARK [3][-]{subsubsection.5.5.1.4}{\376\377\0005\000.\0005\000.\0001\000.\0004\000\040\000K\000I\000L\000L}{subsection.5.5.1}% 51
\BOOKMARK [3][-]{subsubsection.5.5.1.5}{\376\377\0005\000.\0005\000.\0001\000.\0005\000\040\000M\000A\000X\000\137\000C\000M\000D\000\137\000S\000I\000Z\000E}{subsection.5.5.1}% 52
\BOOKMARK [2][-]{subsection.5.5.2}{\376\377\0005\000.\0005\000.\0002\000\040\000T\000y\000p\000e\000d\000e\000f\000\040\000D\000o\000c\000u\000m\000e\000n\000t\000a\000t\000i\000o\000n}{section.5.5}% 53
\BOOKMARK [3][-]{subsubsection.5.5.2.1}{\376\377\0005\000.\0005\000.\0002\000.\0001\000\040\000R\000e\000q\000u\000e\000s\000t}{subsection.5.5.2}% 54
\BOOKMARK [2][-]{subsection.5.5.3}{\376\377\0005\000.\0005\000.\0003\000\040\000F\000u\000n\000c\000t\000i\000o\000n\000\040\000D\000o\000c\000u\000m\000e\000n\000t\000a\000t\000i\000o\000n}{section.5.5}% 55
\BOOKMARK [3][-]{subsubsection.5.5.3.1}{\376\377\0005\000.\0005\000.\0003\000.\0001\000\040\000c\000r\000e\000a\000t\000e\000\137\000r\000e\000q\000u\000e\000s\000t\000\050\000\051}{subsection.5.5.3}% 56
\BOOKMARK [3][-]{subsubsection.5.5.3.2}{\376\377\0005\000.\0005\000.\0003\000.\0002\000\040\000g\000e\000t\000\137\000t\000y\000p\000e\000\050\000\051}{subsection.5.5.3}% 57
\BOOKMARK [3][-]{subsubsection.5.5.3.3}{\376\377\0005\000.\0005\000.\0003\000.\0003\000\040\000g\000e\000t\000\137\000e\000s\000t\000\137\000t\000i\000m\000e\000\050\000\051}{subsection.5.5.3}% 58
\BOOKMARK [3][-]{subsubsection.5.5.3.4}{\376\377\0005\000.\0005\000.\0003\000.\0004\000\040\000g\000e\000t\000\137\000c\000o\000m\000m\000a\000n\000d\000\050\000\051}{subsection.5.5.3}% 59
\BOOKMARK [3][-]{subsubsection.5.5.3.5}{\376\377\0005\000.\0005\000.\0003\000.\0005\000\040\000g\000e\000t\000\137\000i\000s\000\137\000p\000i\000p\000e\000d\000\050\000\051}{subsection.5.5.3}% 60
\BOOKMARK [3][-]{subsubsection.5.5.3.6}{\376\377\0005\000.\0005\000.\0003\000.\0006\000\040\000g\000e\000t\000\137\000t\000a\000s\000k\000\137\000n\000r\000\050\000\051}{subsection.5.5.3}% 61
\BOOKMARK [3][-]{subsubsection.5.5.3.7}{\376\377\0005\000.\0005\000.\0003\000.\0007\000\040\000g\000e\000t\000\137\000c\000l\000i\000e\000n\000t\000\137\000f\000i\000f\000o\000\050\000\051}{subsection.5.5.3}% 62
\BOOKMARK [3][-]{subsubsection.5.5.3.8}{\376\377\0005\000.\0005\000.\0003\000.\0008\000\040\000g\000e\000t\000\137\000t\000i\000m\000e\000\050\000\051}{subsection.5.5.3}% 63
\BOOKMARK [3][-]{subsubsection.5.5.3.9}{\376\377\0005\000.\0005\000.\0003\000.\0009\000\040\000s\000e\000t\000\137\000t\000y\000p\000e\000\050\000\051}{subsection.5.5.3}% 64
\BOOKMARK [3][-]{subsubsection.5.5.3.10}{\376\377\0005\000.\0005\000.\0003\000.\0001\0000\000\040\000s\000e\000t\000\137\000t\000a\000s\000k\000\137\000n\000r\000\050\000\051}{subsection.5.5.3}% 65
\BOOKMARK [3][-]{subsubsection.5.5.3.11}{\376\377\0005\000.\0005\000.\0003\000.\0001\0001\000\040\000s\000e\000t\000\137\000c\000l\000i\000e\000n\000t\000\137\000f\000i\000f\000o\000\050\000\051}{subsection.5.5.3}% 66
\BOOKMARK [3][-]{subsubsection.5.5.3.12}{\376\377\0005\000.\0005\000.\0003\000.\0001\0002\000\040\000p\000r\000i\000n\000t\000\137\000r\000e\000q\000u\000e\000s\000t\000\050\000\051}{subsection.5.5.3}% 67
\BOOKMARK [3][-]{subsubsection.5.5.3.13}{\376\377\0005\000.\0005\000.\0003\000.\0001\0003\000\040\000t\000y\000p\000e\000\137\000t\000o\000\137\000s\000t\000r\000i\000n\000g\000\050\000\051}{subsection.5.5.3}% 68
\BOOKMARK [3][-]{subsubsection.5.5.3.14}{\376\377\0005\000.\0005\000.\0003\000.\0001\0004\000\040\000s\000i\000z\000e\000o\000f\000\137\000r\000e\000q\000u\000e\000s\000t\000\050\000\051}{subsection.5.5.3}% 69
\BOOKMARK [3][-]{subsubsection.5.5.3.15}{\376\377\0005\000.\0005\000.\0003\000.\0001\0005\000\040\000c\000l\000o\000n\000e\000\137\000r\000e\000q\000u\000e\000s\000t\000\050\000\051}{subsection.5.5.3}% 70
\BOOKMARK [1][-]{section.5.6}{\376\377\0005\000.\0006\000\040\000i\000n\000c\000l\000u\000d\000e\000/\000t\000a\000s\000k\000\137\000n\000r\000.\000h\000\040\000F\000i\000l\000e\000\040\000R\000e\000f\000e\000r\000e\000n\000c\000e}{chapter.5}% 71
\BOOKMARK [2][-]{subsection.5.6.1}{\376\377\0005\000.\0006\000.\0001\000\040\000M\000a\000c\000r\000o\000\040\000D\000e\000f\000i\000n\000i\000t\000i\000o\000n\000\040\000D\000o\000c\000u\000m\000e\000n\000t\000a\000t\000i\000o\000n}{section.5.6}% 72
\BOOKMARK [3][-]{subsubsection.5.6.1.1}{\376\377\0005\000.\0006\000.\0001\000.\0001\000\040\000T\000A\000S\000K\000\137\000N\000R\000\137\000S\000T\000R\000I\000N\000G\000\137\000S\000I\000Z\000E}{subsection.5.6.1}% 73
\BOOKMARK [2][-]{subsection.5.6.2}{\376\377\0005\000.\0006\000.\0002\000\040\000F\000u\000n\000c\000t\000i\000o\000n\000\040\000D\000o\000c\000u\000m\000e\000n\000t\000a\000t\000i\000o\000n}{section.5.6}% 74
\BOOKMARK [3][-]{subsubsection.5.6.2.1}{\376\377\0005\000.\0006\000.\0002\000.\0001\000\040\000l\000o\000a\000d\000\137\000t\000a\000s\000k\000\137\000n\000r\000\050\000\051}{subsection.5.6.2}% 75
\BOOKMARK [3][-]{subsubsection.5.6.2.2}{\376\377\0005\000.\0006\000.\0002\000.\0002\000\040\000s\000a\000v\000e\000\137\000t\000a\000s\000k\000\137\000n\000r\000\050\000\051}{subsection.5.6.2}% 76
\BOOKMARK [1][-]{section.5.7}{\376\377\0005\000.\0007\000\040\000s\000r\000c\000/\000c\000l\000i\000e\000n\000t\000.\000c\000\040\000F\000i\000l\000e\000\040\000R\000e\000f\000e\000r\000e\000n\000c\000e}{chapter.5}% 77
\BOOKMARK [2][-]{subsection.5.7.1}{\376\377\0005\000.\0007\000.\0001\000\040\000M\000a\000c\000r\000o\000\040\000D\000e\000f\000i\000n\000i\000t\000i\000o\000n\000\040\000D\000o\000c\000u\000m\000e\000n\000t\000a\000t\000i\000o\000n}{section.5.7}% 78
\BOOKMARK [3][-]{subsubsection.5.7.1.1}{\376\377\0005\000.\0007\000.\0001\000.\0001\000\040\000B\000U\000F\000\137\000S\000I\000Z\000E}{subsection.5.7.1}% 79
\BOOKMARK [2][-]{subsection.5.7.2}{\376\377\0005\000.\0007\000.\0002\000\040\000F\000u\000n\000c\000t\000i\000o\000n\000\040\000D\000o\000c\000u\000m\000e\000n\000t\000a\000t\000i\000o\000n}{section.5.7}% 80
\BOOKMARK [3][-]{subsubsection.5.7.2.1}{\376\377\0005\000.\0007\000.\0002\000.\0001\000\040\000c\000l\000i\000e\000n\000t\000\137\000u\000s\000a\000g\000e\000\050\000\051}{subsection.5.7.2}% 81
\BOOKMARK [3][-]{subsubsection.5.7.2.2}{\376\377\0005\000.\0007\000.\0002\000.\0002\000\040\000m\000a\000i\000n\000\050\000\051}{subsection.5.7.2}% 82
\BOOKMARK [1][-]{section.5.8}{\376\377\0005\000.\0008\000\040\000s\000r\000c\000/\000c\000o\000m\000m\000a\000n\000d\000.\000c\000\040\000F\000i\000l\000e\000\040\000R\000e\000f\000e\000r\000e\000n\000c\000e}{chapter.5}% 83
\BOOKMARK [2][-]{subsection.5.8.1}{\376\377\0005\000.\0008\000.\0001\000\040\000M\000a\000c\000r\000o\000\040\000D\000e\000f\000i\000n\000i\000t\000i\000o\000n\000\040\000D\000o\000c\000u\000m\000e\000n\000t\000a\000t\000i\000o\000n}{section.5.8}% 84
\BOOKMARK [3][-]{subsubsection.5.8.1.1}{\376\377\0005\000.\0008\000.\0001\000.\0001\000\040\000M\000A\000X\000\137\000A\000R\000G\000S}{subsection.5.8.1}% 85
\BOOKMARK [3][-]{subsubsection.5.8.1.2}{\376\377\0005\000.\0008\000.\0001\000.\0002\000\040\000E\000R\000R\000O\000R\000\137\000M\000S\000G\000\137\000S\000I\000Z\000E}{subsection.5.8.1}% 86
\BOOKMARK [3][-]{subsubsection.5.8.1.3}{\376\377\0005\000.\0008\000.\0001\000.\0003\000\040\000T\000A\000S\000K\000\137\000P\000R\000E\000F\000I\000X\000\137\000N\000A\000M\000E}{subsection.5.8.1}% 87
\BOOKMARK [3][-]{subsubsection.5.8.1.4}{\376\377\0005\000.\0008\000.\0001\000.\0004\000\040\000O\000U\000T\000P\000U\000T\000\137\000N\000A\000M\000E}{subsection.5.8.1}% 88
\BOOKMARK [3][-]{subsubsection.5.8.1.5}{\376\377\0005\000.\0008\000.\0001\000.\0005\000\040\000E\000R\000R\000O\000R\000\137\000N\000A\000M\000E}{subsection.5.8.1}% 89
\BOOKMARK [3][-]{subsubsection.5.8.1.6}{\376\377\0005\000.\0008\000.\0001\000.\0006\000\040\000T\000I\000M\000E\000\137\000N\000A\000M\000E}{subsection.5.8.1}% 90
\BOOKMARK [2][-]{subsection.5.8.2}{\376\377\0005\000.\0008\000.\0002\000\040\000F\000u\000n\000c\000t\000i\000o\000n\000\040\000D\000o\000c\000u\000m\000e\000n\000t\000a\000t\000i\000o\000n}{section.5.8}% 91
\BOOKMARK [3][-]{subsubsection.5.8.2.1}{\376\377\0005\000.\0008\000.\0002\000.\0001\000\040\000p\000a\000r\000s\000e\000\137\000c\000m\000d\000\137\000p\000i\000p\000e\000s\000\050\000\051}{subsection.5.8.2}% 92
\BOOKMARK [3][-]{subsubsection.5.8.2.2}{\376\377\0005\000.\0008\000.\0002\000.\0002\000\040\000p\000a\000r\000s\000e\000\137\000c\000m\000d\000\050\000\051}{subsection.5.8.2}% 93
\BOOKMARK [3][-]{subsubsection.5.8.2.3}{\376\377\0005\000.\0008\000.\0002\000.\0003\000\040\000w\000r\000i\000t\000e\000\137\000e\000r\000r\000o\000r\000\050\000\051}{subsection.5.8.2}% 94
\BOOKMARK [3][-]{subsubsection.5.8.2.4}{\376\377\0005\000.\0008\000.\0002\000.\0004\000\040\000e\000x\000e\000c\000\050\000\051}{subsection.5.8.2}% 95
\BOOKMARK [1][-]{section.5.9}{\376\377\0005\000.\0009\000\040\000s\000r\000c\000/\000o\000r\000c\000h\000e\000s\000t\000r\000a\000t\000o\000r\000.\000c\000\040\000F\000i\000l\000e\000\040\000R\000e\000f\000e\000r\000e\000n\000c\000e}{chapter.5}% 96
\BOOKMARK [2][-]{subsection.5.9.1}{\376\377\0005\000.\0009\000.\0001\000\040\000M\000a\000c\000r\000o\000\040\000D\000e\000f\000i\000n\000i\000t\000i\000o\000n\000\040\000D\000o\000c\000u\000m\000e\000n\000t\000a\000t\000i\000o\000n}{section.5.9}% 97
\BOOKMARK [3][-]{subsubsection.5.9.1.1}{\376\377\0005\000.\0009\000.\0001\000.\0001\000\040\000D\000E\000F\000A\000U\000L\000T\000\137\000P\000O\000L\000I\000C\000Y}{subsection.5.9.1}% 98
\BOOKMARK [3][-]{subsubsection.5.9.1.2}{\376\377\0005\000.\0009\000.\0001\000.\0002\000\040\000M\000A\000X\000\137\000S\000C\000H\000E\000D\000U\000L\000E\000D\000\137\000R\000E\000Q\000U\000E\000S\000T\000S}{subsection.5.9.1}% 99
\BOOKMARK [2][-]{subsection.5.9.2}{\376\377\0005\000.\0009\000.\0002\000\040\000F\000u\000n\000c\000t\000i\000o\000n\000\040\000D\000o\000c\000u\000m\000e\000n\000t\000a\000t\000i\000o\000n}{section.5.9}% 100
\BOOKMARK [3][-]{subsubsection.5.9.2.1}{\376\377\0005\000.\0009\000.\0002\000.\0001\000\040\000o\000r\000c\000h\000e\000s\000t\000r\000a\000t\000o\000r\000\137\000u\000s\000a\000g\000e\000\050\000\051}{subsection.5.9.2}% 101
\BOOKMARK [3][-]{subsubsection.5.9.2.2}{\376\377\0005\000.\0009\000.\0002\000.\0002\000\040\000a\000d\000d\000\137\000r\000e\000q\000u\000e\000s\000t\000\050\000\051}{subsection.5.9.2}% 102
\BOOKMARK [3][-]{subsubsection.5.9.2.3}{\376\377\0005\000.\0009\000.\0002\000.\0003\000\040\000r\000e\000m\000o\000v\000e\000\137\000r\000e\000q\000u\000e\000s\000t\000\050\000\051}{subsection.5.9.2}% 103
\BOOKMARK [3][-]{subsubsection.5.9.2.4}{\376\377\0005\000.\0009\000.\0002\000.\0004\000\040\000s\000e\000l\000e\000c\000t\000\137\000r\000e\000q\000u\000e\000s\000t\000\050\000\051}{subsection.5.9.2}% 104
\BOOKMARK [3][-]{subsubsection.5.9.2.5}{\376\377\0005\000.\0009\000.\0002\000.\0005\000\040\000h\000a\000n\000d\000l\000e\000\137\000e\000x\000e\000c\000u\000t\000e\000\050\000\051}{subsection.5.9.2}% 105
\BOOKMARK [3][-]{subsubsection.5.9.2.6}{\376\377\0005\000.\0009\000.\0002\000.\0006\000\040\000h\000a\000n\000d\000l\000e\000\137\000s\000t\000a\000t\000u\000s\000\050\000\051}{subsection.5.9.2}% 106
\BOOKMARK [3][-]{subsubsection.5.9.2.7}{\376\377\0005\000.\0009\000.\0002\000.\0007\000\040\000h\000a\000n\000d\000l\000e\000\137\000c\000o\000m\000p\000l\000e\000t\000e\000d\000\050\000\051}{subsection.5.9.2}% 107
\BOOKMARK [3][-]{subsubsection.5.9.2.8}{\376\377\0005\000.\0009\000.\0002\000.\0008\000\040\000s\000e\000n\000d\000\137\000s\000t\000a\000t\000u\000s\000\050\000\051}{subsection.5.9.2}% 108
\BOOKMARK [3][-]{subsubsection.5.9.2.9}{\376\377\0005\000.\0009\000.\0002\000.\0009\000\040\000c\000l\000e\000a\000n\000\137\000u\000p\000\050\000\051}{subsection.5.9.2}% 109
\BOOKMARK [3][-]{subsubsection.5.9.2.10}{\376\377\0005\000.\0009\000.\0002\000.\0001\0000\000\040\000c\000l\000e\000a\000n\000\137\000u\000p\000\137\000a\000l\000l\000\050\000\051}{subsection.5.9.2}% 110
\BOOKMARK [3][-]{subsubsection.5.9.2.11}{\376\377\0005\000.\0009\000.\0002\000.\0001\0001\000\040\000m\000a\000i\000n\000\050\000\051}{subsection.5.9.2}% 111
\BOOKMARK [1][-]{section.5.10}{\376\377\0005\000.\0001\0000\000\040\000s\000r\000c\000/\000r\000e\000q\000u\000e\000s\000t\000.\000c\000\040\000F\000i\000l\000e\000\040\000R\000e\000f\000e\000r\000e\000n\000c\000e}{chapter.5}% 112
\BOOKMARK [2][-]{subsection.5.10.1}{\376\377\0005\000.\0001\0000\000.\0001\000\040\000F\000u\000n\000c\000t\000i\000o\000n\000\040\000D\000o\000c\000u\000m\000e\000n\000t\000a\000t\000i\000o\000n}{section.5.10}% 113
\BOOKMARK [3][-]{subsubsection.5.10.1.1}{\376\377\0005\000.\0001\0000\000.\0001\000.\0001\000\040\000c\000r\000e\000a\000t\000e\000\137\000r\000e\000q\000u\000e\000s\000t\000\050\000\051}{subsection.5.10.1}% 114
\BOOKMARK [3][-]{subsubsection.5.10.1.2}{\376\377\0005\000.\0001\0000\000.\0001\000.\0002\000\040\000g\000e\000t\000\137\000t\000y\000p\000e\000\050\000\051}{subsection.5.10.1}% 115
\BOOKMARK [3][-]{subsubsection.5.10.1.3}{\376\377\0005\000.\0001\0000\000.\0001\000.\0003\000\040\000g\000e\000t\000\137\000e\000s\000t\000\137\000t\000i\000m\000e\000\050\000\051}{subsection.5.10.1}% 116
\BOOKMARK [3][-]{subsubsection.5.10.1.4}{\376\377\0005\000.\0001\0000\000.\0001\000.\0004\000\040\000g\000e\000t\000\137\000c\000o\000m\000m\000a\000n\000d\000\050\000\051}{subsection.5.10.1}% 117
\BOOKMARK [3][-]{subsubsection.5.10.1.5}{\376\377\0005\000.\0001\0000\000.\0001\000.\0005\000\040\000g\000e\000t\000\137\000i\000s\000\137\000p\000i\000p\000e\000d\000\050\000\051}{subsection.5.10.1}% 118
\BOOKMARK [3][-]{subsubsection.5.10.1.6}{\376\377\0005\000.\0001\0000\000.\0001\000.\0006\000\040\000g\000e\000t\000\137\000t\000a\000s\000k\000\137\000n\000r\000\050\000\051}{subsection.5.10.1}% 119
\BOOKMARK [3][-]{subsubsection.5.10.1.7}{\376\377\0005\000.\0001\0000\000.\0001\000.\0007\000\040\000g\000e\000t\000\137\000c\000l\000i\000e\000n\000t\000\137\000f\000i\000f\000o\000\050\000\051}{subsection.5.10.1}% 120
\BOOKMARK [3][-]{subsubsection.5.10.1.8}{\376\377\0005\000.\0001\0000\000.\0001\000.\0008\000\040\000s\000e\000t\000\137\000t\000y\000p\000e\000\050\000\051}{subsection.5.10.1}% 121
\BOOKMARK [3][-]{subsubsection.5.10.1.9}{\376\377\0005\000.\0001\0000\000.\0001\000.\0009\000\040\000s\000e\000t\000\137\000t\000a\000s\000k\000\137\000n\000r\000\050\000\051}{subsection.5.10.1}% 122
\BOOKMARK [3][-]{subsubsection.5.10.1.10}{\376\377\0005\000.\0001\0000\000.\0001\000.\0001\0000\000\040\000s\000e\000t\000\137\000c\000l\000i\000e\000n\000t\000\137\000f\000i\000f\000o\000\050\000\051}{subsection.5.10.1}% 123
\BOOKMARK [3][-]{subsubsection.5.10.1.11}{\376\377\0005\000.\0001\0000\000.\0001\000.\0001\0001\000\040\000p\000r\000i\000n\000t\000\137\000r\000e\000q\000u\000e\000s\000t\000\050\000\051}{subsection.5.10.1}% 124
\BOOKMARK [3][-]{subsubsection.5.10.1.12}{\376\377\0005\000.\0001\0000\000.\0001\000.\0001\0002\000\040\000t\000y\000p\000e\000\137\000t\000o\000\137\000s\000t\000r\000i\000n\000g\000\050\000\051}{subsection.5.10.1}% 125
\BOOKMARK [3][-]{subsubsection.5.10.1.13}{\376\377\0005\000.\0001\0000\000.\0001\000.\0001\0003\000\040\000s\000i\000z\000e\000o\000f\000\137\000r\000e\000q\000u\000e\000s\000t\000\050\000\051}{subsection.5.10.1}% 126
\BOOKMARK [3][-]{subsubsection.5.10.1.14}{\376\377\0005\000.\0001\0000\000.\0001\000.\0001\0004\000\040\000c\000l\000o\000n\000e\000\137\000r\000e\000q\000u\000e\000s\000t\000\050\000\051}{subsection.5.10.1}% 127
\BOOKMARK [1][-]{section.5.11}{\376\377\0005\000.\0001\0001\000\040\000s\000r\000c\000/\000t\000a\000s\000k\000\137\000n\000r\000.\000c\000\040\000F\000i\000l\000e\000\040\000R\000e\000f\000e\000r\000e\000n\000c\000e}{chapter.5}% 128
\BOOKMARK [2][-]{subsection.5.11.1}{\376\377\0005\000.\0001\0001\000.\0001\000\040\000M\000a\000c\000r\000o\000\040\000D\000e\000f\000i\000n\000i\000t\000i\000o\000n\000\040\000D\000o\000c\000u\000m\000e\000n\000t\000a\000t\000i\000o\000n}{section.5.11}% 129
\BOOKMARK [3][-]{subsubsection.5.11.1.1}{\376\377\0005\000.\0001\0001\000.\0001\000.\0001\000\040\000T\000A\000S\000K\000\137\000N\000R\000\137\000F\000I\000L\000E\000N\000A\000M\000E}{subsection.5.11.1}% 130
\BOOKMARK [2][-]{subsection.5.11.2}{\376\377\0005\000.\0001\0001\000.\0002\000\040\000F\000u\000n\000c\000t\000i\000o\000n\000\040\000D\000o\000c\000u\000m\000e\000n\000t\000a\000t\000i\000o\000n}{section.5.11}% 131
\BOOKMARK [3][-]{subsubsection.5.11.2.1}{\376\377\0005\000.\0001\0001\000.\0002\000.\0001\000\040\000g\000e\000t\000\137\000t\000a\000s\000k\000\137\000n\000r\000\137\000f\000i\000l\000e\000n\000a\000m\000e\000\050\000\051}{subsection.5.11.2}% 132
\BOOKMARK [3][-]{subsubsection.5.11.2.2}{\376\377\0005\000.\0001\0001\000.\0002\000.\0002\000\040\000l\000o\000a\000d\000\137\000t\000a\000s\000k\000\137\000n\000r\000\050\000\051}{subsection.5.11.2}% 133
\BOOKMARK [3][-]{subsubsection.5.11.2.3}{\376\377\0005\000.\0001\0001\000.\0002\000.\0003\000\040\000s\000a\000v\000e\000\137\000t\000a\000s\000k\000\137\000n\000r\000\050\000\051}{subsection.5.11.2}% 134
